[debug] [2023-09-15T09:37:33.401Z] ----------------------------------------------------------------------
[debug] [2023-09-15T09:37:33.404Z] Command:       C:\Program Files\nodejs\node.exe C:\Users\Hp\AppData\Roaming\npm\node_modules\firebase-tools\lib\bin\firebase.js init
[debug] [2023-09-15T09:37:33.405Z] CLI Version:   12.5.4
[debug] [2023-09-15T09:37:33.405Z] Platform:      win32
[debug] [2023-09-15T09:37:33.406Z] Node Version:  v18.15.0
[debug] [2023-09-15T09:37:33.408Z] Time:          Fri Sep 15 2023 05:37:33 GMT-0400 (hora de verano de Cuba)
[debug] [2023-09-15T09:37:33.408Z] ----------------------------------------------------------------------
[debug] 
[debug] [2023-09-15T09:37:33.427Z] > command requires scopes: ["email","openid","https://www.googleapis.com/auth/cloudplatformprojects.readonly","https://www.googleapis.com/auth/firebase","https://www.googleapis.com/auth/cloud-platform"]
[debug] [2023-09-15T09:37:33.428Z] > authorizing via signed-in user (jehova.hands@gmail.com)
[info] 
     ######## #### ########  ######## ########     ###     ######  ########
     ##        ##  ##     ## ##       ##     ##  ##   ##  ##       ##
     ######    ##  ########  ######   ########  #########  ######  ######
     ##        ##  ##    ##  ##       ##     ## ##     ##       ## ##
     ##       #### ##     ## ######## ########  ##     ##  ######  ########

You're about to initialize a Firebase project in this directory:

  C:\Users\Hp\Downloads\AIRAVAT-PRO\WEB PANEL

[info] 
=== Project Setup
[info] 
[info] First, let's associate this project directory with a Firebase project.
[info] You can create multiple project aliases by running firebase use --add, 
[info] but for now we'll just set up a default project.
[info] 
[debug] [2023-09-15T09:37:40.690Z] >>> [apiv2][query] GET https://firebase.googleapis.com/v1beta1/projects pageSize=100
[debug] [2023-09-15T09:37:41.684Z] <<< [apiv2][status] GET https://firebase.googleapis.com/v1beta1/projects 200
[debug] [2023-09-15T09:37:41.685Z] <<< [apiv2][body] GET https://firebase.googleapis.com/v1beta1/projects [omitted]
[info] i  Using project test-web-7cfab (test-web) 
[info] 
=== Database Setup
[info] i  database: ensuring required API firebasedatabase.googleapis.com is enabled... 
[debug] [2023-09-15T09:37:42.265Z] >>> [apiv2][query] GET https://serviceusage.googleapis.com/v1/projects/test-web-7cfab/services/firebasedatabase.googleapis.com [none]
[debug] [2023-09-15T09:37:42.266Z] >>> [apiv2][(partial)header] GET https://serviceusage.googleapis.com/v1/projects/test-web-7cfab/services/firebasedatabase.googleapis.com x-goog-quota-user=projects/test-web-7cfab
[debug] [2023-09-15T09:37:42.995Z] <<< [apiv2][status] GET https://serviceusage.googleapis.com/v1/projects/test-web-7cfab/services/firebasedatabase.googleapis.com 200
[debug] [2023-09-15T09:37:42.995Z] <<< [apiv2][body] GET https://serviceusage.googleapis.com/v1/projects/test-web-7cfab/services/firebasedatabase.googleapis.com [omitted]
[info] +  database: required API firebasedatabase.googleapis.com is enabled 
[info] 
[debug] [2023-09-15T09:37:42.997Z] >>> [apiv2][query] GET https://firebasedatabase.googleapis.com/v1beta/projects/test-web-7cfab/locations/-/instances/test-web-7cfab-default-rtdb [none]
[debug] [2023-09-15T09:37:43.696Z] <<< [apiv2][status] GET https://firebasedatabase.googleapis.com/v1beta/projects/test-web-7cfab/locations/-/instances/test-web-7cfab-default-rtdb 200
[debug] [2023-09-15T09:37:43.696Z] <<< [apiv2][body] GET https://firebasedatabase.googleapis.com/v1beta/projects/test-web-7cfab/locations/-/instances/test-web-7cfab-default-rtdb {"name":"projects/990736267480/locations/europe-west1/instances/test-web-7cfab-default-rtdb","project":"projects/990736267480","databaseUrl":"https://test-web-7cfab-default-rtdb.europe-west1.firebasedatabase.app","type":"DEFAULT_DATABASE","state":"ACTIVE"}
[info] 
[info] Firebase Realtime Database Security Rules allow you to define how your data should be
[info] structured and when your data can be read from and written to.
[info] 
[info] Skipping overwrite of Realtime Database Security Rules.
[info] The security rules defined in database.rules.json will be published when you run firebase deploy.
[info] 
=== Firestore Setup
[debug] [2023-09-15T09:37:46.153Z] >>> [apiv2][query] GET https://serviceusage.googleapis.com/v1/projects/test-web-7cfab/services/firestore.googleapis.com [none]
[debug] [2023-09-15T09:37:46.153Z] >>> [apiv2][(partial)header] GET https://serviceusage.googleapis.com/v1/projects/test-web-7cfab/services/firestore.googleapis.com x-goog-quota-user=projects/test-web-7cfab
[debug] [2023-09-15T09:37:46.917Z] <<< [apiv2][status] GET https://serviceusage.googleapis.com/v1/projects/test-web-7cfab/services/firestore.googleapis.com 200
[debug] [2023-09-15T09:37:46.917Z] <<< [apiv2][body] GET https://serviceusage.googleapis.com/v1/projects/test-web-7cfab/services/firestore.googleapis.com [omitted]
[debug] [2023-09-15T09:37:46.918Z] >>> [apiv2][query] GET https://firestore.googleapis.com/v1/projects/test-web-7cfab/databases/(default) [none]
[debug] [2023-09-15T09:37:47.885Z] <<< [apiv2][status] GET https://firestore.googleapis.com/v1/projects/test-web-7cfab/databases/(default) 200
[debug] [2023-09-15T09:37:47.885Z] <<< [apiv2][body] GET https://firestore.googleapis.com/v1/projects/test-web-7cfab/databases/(default) {"name":"projects/test-web-7cfab/databases/(default)","uid":"0aad4f57-ea6b-423c-8cfa-815a56823293","createTime":"2023-09-15T05:08:49.331993Z","updateTime":"2023-09-15T05:08:49.331993Z","locationId":"eur3","type":"FIRESTORE_NATIVE","concurrencyMode":"PESSIMISTIC","versionRetentionPeriod":"3600s","earliestVersionTime":"2023-09-15T08:37:48.187018Z","appEngineIntegrationMode":"DISABLED","keyPrefix":"e","pointInTimeRecoveryEnablement":"POINT_IN_TIME_RECOVERY_DISABLED","deleteProtectionState":"DELETE_PROTECTION_DISABLED","etag":"IMPVnN2orIEDMJTL96OirIED"}
[debug] [2023-09-15T09:37:47.885Z] database_type: FIRESTORE_NATIVE
[debug] [2023-09-15T09:37:47.885Z] > command requires scopes: ["email","openid","https://www.googleapis.com/auth/cloudplatformprojects.readonly","https://www.googleapis.com/auth/firebase","https://www.googleapis.com/auth/cloud-platform"]
[debug] [2023-09-15T09:37:47.886Z] > authorizing via signed-in user (jehova.hands@gmail.com)
[debug] [2023-09-15T09:37:47.886Z] [iam] checking project test-web-7cfab for permissions ["firebase.projects.get"]
[debug] [2023-09-15T09:37:47.886Z] >>> [apiv2][query] POST https://cloudresourcemanager.googleapis.com/v1/projects/test-web-7cfab:testIamPermissions [none]
[debug] [2023-09-15T09:37:47.886Z] >>> [apiv2][(partial)header] POST https://cloudresourcemanager.googleapis.com/v1/projects/test-web-7cfab:testIamPermissions x-goog-quota-user=projects/test-web-7cfab
[debug] [2023-09-15T09:37:47.886Z] >>> [apiv2][body] POST https://cloudresourcemanager.googleapis.com/v1/projects/test-web-7cfab:testIamPermissions {"permissions":["firebase.projects.get"]}
[debug] [2023-09-15T09:37:48.424Z] <<< [apiv2][status] POST https://cloudresourcemanager.googleapis.com/v1/projects/test-web-7cfab:testIamPermissions 200
[debug] [2023-09-15T09:37:48.424Z] <<< [apiv2][body] POST https://cloudresourcemanager.googleapis.com/v1/projects/test-web-7cfab:testIamPermissions {"permissions":["firebase.projects.get"]}
[info] 
[info] Firestore Security Rules allow you to define how and when to allow
[info] requests. You can keep these rules in your project directory
[info] and publish them with firebase deploy.
[info] 
[info] 
[info] Firestore indexes allow you to perform complex queries while
[info] maintaining performance that scales with the size of the result
[info] set. You can keep index definitions in your project directory
[info] and publish them with firebase deploy.
[info] 
[info] 
=== Functions Setup
[debug] [2023-09-15T09:37:52.541Z] > command requires scopes: ["email","openid","https://www.googleapis.com/auth/cloudplatformprojects.readonly","https://www.googleapis.com/auth/firebase","https://www.googleapis.com/auth/cloud-platform"]
[debug] [2023-09-15T09:37:52.542Z] > authorizing via signed-in user (jehova.hands@gmail.com)
[debug] [2023-09-15T09:37:52.542Z] [iam] checking project test-web-7cfab for permissions ["firebase.projects.get"]
[debug] [2023-09-15T09:37:52.543Z] >>> [apiv2][query] POST https://cloudresourcemanager.googleapis.com/v1/projects/test-web-7cfab:testIamPermissions [none]
[debug] [2023-09-15T09:37:52.543Z] >>> [apiv2][(partial)header] POST https://cloudresourcemanager.googleapis.com/v1/projects/test-web-7cfab:testIamPermissions x-goog-quota-user=projects/test-web-7cfab
[debug] [2023-09-15T09:37:52.543Z] >>> [apiv2][body] POST https://cloudresourcemanager.googleapis.com/v1/projects/test-web-7cfab:testIamPermissions {"permissions":["firebase.projects.get"]}
[debug] [2023-09-15T09:37:53.095Z] <<< [apiv2][status] POST https://cloudresourcemanager.googleapis.com/v1/projects/test-web-7cfab:testIamPermissions 200
[debug] [2023-09-15T09:37:53.095Z] <<< [apiv2][body] POST https://cloudresourcemanager.googleapis.com/v1/projects/test-web-7cfab:testIamPermissions {"permissions":["firebase.projects.get"]}
[debug] [2023-09-15T09:37:53.096Z] >>> [apiv2][query] GET https://serviceusage.googleapis.com/v1/projects/test-web-7cfab/services/cloudfunctions.googleapis.com [none]
[debug] [2023-09-15T09:37:53.096Z] >>> [apiv2][(partial)header] GET https://serviceusage.googleapis.com/v1/projects/test-web-7cfab/services/cloudfunctions.googleapis.com x-goog-quota-user=projects/test-web-7cfab
[debug] [2023-09-15T09:37:53.098Z] >>> [apiv2][query] GET https://serviceusage.googleapis.com/v1/projects/test-web-7cfab/services/runtimeconfig.googleapis.com [none]
[debug] [2023-09-15T09:37:53.099Z] >>> [apiv2][(partial)header] GET https://serviceusage.googleapis.com/v1/projects/test-web-7cfab/services/runtimeconfig.googleapis.com x-goog-quota-user=projects/test-web-7cfab
[debug] [2023-09-15T09:37:53.841Z] <<< [apiv2][status] GET https://serviceusage.googleapis.com/v1/projects/test-web-7cfab/services/cloudfunctions.googleapis.com 200
[debug] [2023-09-15T09:37:53.841Z] <<< [apiv2][body] GET https://serviceusage.googleapis.com/v1/projects/test-web-7cfab/services/cloudfunctions.googleapis.com [omitted]
[debug] [2023-09-15T09:37:53.866Z] <<< [apiv2][status] GET https://serviceusage.googleapis.com/v1/projects/test-web-7cfab/services/runtimeconfig.googleapis.com 200
[debug] [2023-09-15T09:37:53.866Z] <<< [apiv2][body] GET https://serviceusage.googleapis.com/v1/projects/test-web-7cfab/services/runtimeconfig.googleapis.com [omitted]
[info] 
Detected existing codebase(s): default

[info] Let's create a new codebase for your functions.
[info] A directory corresponding to the codebase will be created in your project
[info] with sample code pre-configured.

[info] See https://firebase.google.com/docs/functions/organize-functions for
[info] more information on organizing your functions using codebases.

[info] Functions can be deployed with firebase deploy.

[error] Invalid codebase name. Codebase must be less than 64 characters and can contain only lowercase letters, numeric characters, underscores, and dashes.
[info] +  Wrote mia/package.json 
[info] +  Wrote mia/index.js 
[info] +  Wrote mia/.gitignore 
[info] 
=== Hosting Setup
[info] 
[info] Your public directory is the folder (relative to your project directory) that
[info] will contain Hosting assets to be uploaded with firebase deploy. If you
[info] have a build process for your assets, use your build's output directory.
[info] 
[debug] [2023-09-15T09:39:11.916Z] >>> [apiv2][query] GET https://www.gstatic.com/firebasejs/releases.json [none]
[debug] [2023-09-15T09:39:12.350Z] <<< [apiv2][status] GET https://www.gstatic.com/firebasejs/releases.json 200
[debug] [2023-09-15T09:39:12.350Z] <<< [apiv2][body] GET https://www.gstatic.com/firebasejs/releases.json {"current":{"version":"10.4.0","browserURL":"https://www.gstatic.com/firebasejs/10.4.0/firebase.js","packageURL":"https://www.gstatic.com/firebasejs/10.4.0/firebase.tgz"},"live":{"version":"10.4","browserURL":"https://www.gstatic.com/firebasejs/live/10.4/firebase.js","packageURL":"https://www.gstatic.com/firebasejs/live/10.4/firebase.tgz"},"components":{"analytics":"https://www.gstatic.com/firebasejs/10.4.0/firebase-analytics.js","app":"https://www.gstatic.com/firebasejs/10.4.0/firebase-app.js","app-check":"https://www.gstatic.com/firebasejs/10.4.0/firebase-app-check.js","auth":"https://www.gstatic.com/firebasejs/10.4.0/firebase-auth.js","auth/cordova":"https://www.gstatic.com/firebasejs/10.4.0/firebase-auth/cordova.js","functions":"https://www.gstatic.com/firebasejs/10.4.0/firebase-functions.js","firestore":"https://www.gstatic.com/firebasejs/10.4.0/firebase-firestore.js","firestore/lite":"https://www.gstatic.com/firebasejs/10.4.0/firebase-firestore/lite.js","installations":"https://www.gstatic.com/firebasejs/10.4.0/firebase-installations.js","storage":"https://www.gstatic.com/firebasejs/10.4.0/firebase-storage.js","performance":"https://www.gstatic.com/firebasejs/10.4.0/firebase-performance.js","remote-config":"https://www.gstatic.com/firebasejs/10.4.0/firebase-remote-config.js","messaging":"https://www.gstatic.com/firebasejs/10.4.0/firebase-messaging.js","messaging/sw":"https://www.gstatic.com/firebasejs/10.4.0/firebase-messaging/sw.js","database":"https://www.gstatic.com/firebasejs/10.4.0/firebase-database.js","firestore.memory":"https://www.gstatic.com/firebasejs/10.4.0/firebase-firestore.memory.js"}}
[info] i  Skipping write of public/index.html 
[info] 
[info] i  Detected a .git folder at C:\Users\Hp\Downloads\AIRAVAT-PRO 
[info] i  Authorizing with GitHub to upload your service account to a GitHub repository's secrets store. 
[info] 
[info] Visit this URL on this device to log in:
[info] https://github.com/login/oauth/authorize?client_id=89cf50f02ac6aaed3484&state=876443118&redirect_uri=http%3A%2F%2Flocalhost%3A9005&scope=read%3Auser%20repo%20public_repo
[info] 
[info] Waiting for authentication...
[debug] [2023-09-15T09:39:21.847Z] >>> [apiv2][query] POST https://github.com/login/oauth/access_token [none]
[debug] [2023-09-15T09:39:21.848Z] >>> [apiv2][body] POST https://github.com/login/oauth/access_token [stream]
[debug] [2023-09-15T09:39:22.391Z] <<< [apiv2][status] POST https://github.com/login/oauth/access_token 200
[debug] [2023-09-15T09:39:22.391Z] <<< [apiv2][body] POST https://github.com/login/oauth/access_token {"access_token":"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","token_type":"bearer","scope":"read:user,repo"}
[debug] [2023-09-15T09:39:22.399Z] >>> [apiv2][query] GET https://api.github.com/user [none]
[debug] [2023-09-15T09:39:22.955Z] <<< [apiv2][status] GET https://api.github.com/user 200
[debug] [2023-09-15T09:39:22.955Z] <<< [apiv2][body] GET https://api.github.com/user {"login":"javierechevarria","id":26243288,"node_id":"MDQ6VXNlcjI2MjQzMjg4","avatar_url":"https://avatars.githubusercontent.com/u/26243288?v=4","gravatar_id":"","url":"https://api.github.com/users/javierechevarria","html_url":"https://github.com/javierechevarria","followers_url":"https://api.github.com/users/javierechevarria/followers","following_url":"https://api.github.com/users/javierechevarria/following{/other_user}","gists_url":"https://api.github.com/users/javierechevarria/gists{/gist_id}","starred_url":"https://api.github.com/users/javierechevarria/starred{/owner}{/repo}","subscriptions_url":"https://api.github.com/users/javierechevarria/subscriptions","organizations_url":"https://api.github.com/users/javierechevarria/orgs","repos_url":"https://api.github.com/users/javierechevarria/repos","events_url":"https://api.github.com/users/javierechevarria/events{/privacy}","received_events_url":"https://api.github.com/users/javierechevarria/received_events","type":"User","site_admin":false,"name":null,"company":null,"blog":"","location":null,"email":null,"hireable":null,"bio":null,"twitter_username":null,"public_repos":4,"public_gists":0,"followers":4,"following":1,"created_at":"2017-03-07T06:57:33Z","updated_at":"2023-09-03T07:34:18Z","private_gists":0,"total_private_repos":1,"owned_private_repos":1,"disk_usage":3068,"collaborators":0,"two_factor_authentication":false,"plan":{"name":"free","space":976562499,"collaborators":0,"private_repos":10000}}
[info] 
[info] +  Success! Logged into GitHub as javierechevarria 
[info] 
[debug] [2023-09-15T09:39:34.105Z] >>> [apiv2][query] GET https://api.github.com/repos//actions/secrets/public-key type=owner
[debug] [2023-09-15T09:39:34.766Z] <<< [apiv2][status] GET https://api.github.com/repos//actions/secrets/public-key 404
[debug] [2023-09-15T09:39:34.766Z] <<< [apiv2][body] GET https://api.github.com/repos//actions/secrets/public-key {"message":"Not Found","documentation_url":"https://docs.github.com/rest"}
[info] 
[info] 
[error] !  The provided authorization cannot be used with this repository. If this repository is in an organization, did you remember to grant access? 
[info] 
[info] i  Action required: Visit this URL to ensure access has been granted to the appropriate organization(s) for the Firebase CLI GitHub OAuth App: 
[info] https://github.com/settings/connections/applications/89cf50f02ac6aaed3484
[info] 
[debug] [2023-09-15T09:39:37.253Z] >>> [apiv2][query] GET https://api.github.com/repos//actions/secrets/public-key type=owner
[debug] [2023-09-15T09:39:37.699Z] <<< [apiv2][status] GET https://api.github.com/repos//actions/secrets/public-key 404
[debug] [2023-09-15T09:39:37.699Z] <<< [apiv2][body] GET https://api.github.com/repos//actions/secrets/public-key {"message":"Not Found","documentation_url":"https://docs.github.com/rest"}
[info] 
[info] 
[error] !  The provided authorization cannot be used with this repository. If this repository is in an organization, did you remember to grant access? 
[info] 
[info] i  Action required: Visit this URL to ensure access has been granted to the appropriate organization(s) for the Firebase CLI GitHub OAuth App: 
[info] https://github.com/settings/connections/applications/89cf50f02ac6aaed3484
[info] 
